<?xml version="1.0" encoding="UTF-8"?>
<testng-results ignored="0" total="1" passed="1" failed="0" skipped="0">
  <reporter-output>
  </reporter-output>
  <suite started-at="2022-02-17T00:47:58Z" name="Default suite" finished-at="2022-02-17T00:48:09Z" duration-ms="11365">
    <groups>
    </groups>
    <test started-at="2022-02-17T00:47:58Z" name="Default test" finished-at="2022-02-17T00:48:09Z" duration-ms="11365">
      <class name="com.qa.opencart.tests.RegisterPageTest">
        <test-method is-config="true" signature="setup()[pri:0, instance:com.qa.opencart.tests.RegisterPageTest@1356d4d4]" started-at="2022-02-17T00:47:58Z" name="setup" finished-at="2022-02-17T00:48:02Z" duration-ms="4341" status="PASS">
          <reporter-output>
          </reporter-output>
        </test-method> <!-- setup -->
        <test-method is-config="true" signature="regSetUp()[pri:0, instance:com.qa.opencart.tests.RegisterPageTest@1356d4d4]" started-at="2022-02-17T00:48:02Z" name="regSetUp" finished-at="2022-02-17T00:48:04Z" duration-ms="1877" status="PASS">
          <reporter-output>
          </reporter-output>
        </test-method> <!-- regSetUp -->
        <test-method signature="userRegistrationTest()[pri:0, instance:com.qa.opencart.tests.RegisterPageTest@1356d4d4]" started-at="2022-02-17T00:48:04Z" name="userRegistrationTest" finished-at="2022-02-17T00:48:09Z" duration-ms="4969" status="PASS">
          <reporter-output>
          </reporter-output>
        </test-method> <!-- userRegistrationTest -->
        <test-method is-config="true" signature="tearDown()[pri:0, instance:com.qa.opencart.tests.RegisterPageTest@1356d4d4]" started-at="2022-02-17T00:48:09Z" name="tearDown" finished-at="2022-02-17T00:48:09Z" duration-ms="163" status="PASS">
          <reporter-output>
          </reporter-output>
        </test-method> <!-- tearDown -->
      </class> <!-- com.qa.opencart.tests.RegisterPageTest -->
    </test> <!-- Default test -->
  </suite> <!-- Default suite -->
</testng-results>
